This is pdfTeX, Version 3.14159265-2.6-1.40.19 (MiKTeX 2.9.6880 64-bit) (preloaded format=pdflatex 2018.11.17)  20 DEC 2019 11:26
entering extended mode
**./computation.tex
(computation.tex
LaTeX2e <2018-04-01> patch level 5
("D:\Program Files (x86)\MikTeX 2.9\tex\latex\base\article.cls"
Document Class: article 2014/09/29 v1.4h Standard LaTeX document class
("D:\Program Files (x86)\MikTeX 2.9\tex\latex\base\size12.clo"
File: size12.clo 2014/09/29 v1.4h Standard LaTeX file (size option)
)
\c@part=\count80
\c@section=\count81
\c@subsection=\count82
\c@subsubsection=\count83
\c@paragraph=\count84
\c@subparagraph=\count85
\c@figure=\count86
\c@table=\count87
\abovecaptionskip=\skip41
\belowcaptionskip=\skip42
\bibindent=\dimen102
)
("D:\Program Files (x86)\MikTeX 2.9\tex\latex\amsmath\amsmath.sty"
Package: amsmath 2017/09/02 v2.17a AMS math features
\@mathmargin=\skip43

For additional information on amsmath, use the `?' option.
("D:\Program Files (x86)\MikTeX 2.9\tex\latex\amsmath\amstext.sty"
Package: amstext 2000/06/29 v2.01 AMS text

("D:\Program Files (x86)\MikTeX 2.9\tex\latex\amsmath\amsgen.sty"
File: amsgen.sty 1999/11/30 v2.0 generic functions
\@emptytoks=\toks14
\ex@=\dimen103
))
("D:\Program Files (x86)\MikTeX 2.9\tex\latex\amsmath\amsbsy.sty"
Package: amsbsy 1999/11/29 v1.2d Bold Symbols
\pmbraise@=\dimen104
)
("D:\Program Files (x86)\MikTeX 2.9\tex\latex\amsmath\amsopn.sty"
Package: amsopn 2016/03/08 v2.02 operator names
)
\inf@bad=\count88
LaTeX Info: Redefining \frac on input line 213.
\uproot@=\count89
\leftroot@=\count90
LaTeX Info: Redefining \overline on input line 375.
\classnum@=\count91
\DOTSCASE@=\count92
LaTeX Info: Redefining \ldots on input line 472.
LaTeX Info: Redefining \dots on input line 475.
LaTeX Info: Redefining \cdots on input line 596.
\Mathstrutbox@=\box26
\strutbox@=\box27
\big@size=\dimen105
LaTeX Font Info:    Redeclaring font encoding OML on input line 712.
LaTeX Font Info:    Redeclaring font encoding OMS on input line 713.
\macc@depth=\count93
\c@MaxMatrixCols=\count94
\dotsspace@=\muskip10
\c@parentequation=\count95
\dspbrk@lvl=\count96
\tag@help=\toks15
\row@=\count97
\column@=\count98
\maxfields@=\count99
\andhelp@=\toks16
\eqnshift@=\dimen106
\alignsep@=\dimen107
\tagshift@=\dimen108
\tagwidth@=\dimen109
\totwidth@=\dimen110
\lineht@=\dimen111
\@envbody=\toks17
\multlinegap=\skip44
\multlinetaggap=\skip45
\mathdisplay@stack=\toks18
LaTeX Info: Redefining \[ on input line 2817.
LaTeX Info: Redefining \] on input line 2818.
)
("D:\Program Files (x86)\MikTeX 2.9\tex\latex\amscls\amsthm.sty"
Package: amsthm 2017/10/31 v2.20.4
\thm@style=\toks19
\thm@bodyfont=\toks20
\thm@headfont=\toks21
\thm@notefont=\toks22
\thm@headpunct=\toks23
\thm@preskip=\skip46
\thm@postskip=\skip47
\thm@headsep=\skip48
\dth@everypar=\toks24
)
("D:\Program Files (x86)\MikTeX 2.9\tex\latex\amsfonts\amsfonts.sty"
Package: amsfonts 2013/01/14 v3.01 Basic AMSFonts support
\symAMSa=\mathgroup4
\symAMSb=\mathgroup5
LaTeX Font Info:    Overwriting math alphabet `\mathfrak' in version `bold'
(Font)                  U/euf/m/n --> U/euf/b/n on input line 106.
)
("D:\Program Files (x86)\MikTeX 2.9\tex\latex\amsfonts\amssymb.sty"
Package: amssymb 2013/01/14 v3.01 AMS font symbols
)
("D:\Program Files (x86)\MikTeX 2.9\tex\latex\tools\bm.sty"
Package: bm 2017/01/16 v1.2c Bold Symbol Support (DPC/FMi)
\symboldoperators=\mathgroup6
\symboldletters=\mathgroup7
\symboldsymbols=\mathgroup8
LaTeX Font Info:    Redeclaring math alphabet \mathbf on input line 141.
LaTeX Info: Redefining \bm on input line 207.
)
("D:\Program Files (x86)\MikTeX 2.9\tex\latex\appendix\appendix.sty"
Package: appendix 2009/09/02 v1.2b extra appendix facilities
\c@@pps=\count100
\c@@ppsavesec=\count101
\c@@ppsaveapp=\count102
)
("D:\Program Files (x86)\MikTeX 2.9\tex\latex\booktabs\booktabs.sty"
Package: booktabs 2005/04/14 v1.61803 publication quality tables
\heavyrulewidth=\dimen112
\lightrulewidth=\dimen113
\cmidrulewidth=\dimen114
\belowrulesep=\dimen115
\belowbottomsep=\dimen116
\aboverulesep=\dimen117
\abovetopsep=\dimen118
\cmidrulesep=\dimen119
\cmidrulekern=\dimen120
\defaultaddspace=\dimen121
\@cmidla=\count103
\@cmidlb=\count104
\@aboverulesep=\dimen122
\@belowrulesep=\dimen123
\@thisruleclass=\count105
\@lastruleclass=\count106
\@thisrulewidth=\dimen124
)
("D:\Program Files (x86)\MikTeX 2.9\tex\latex\multirow\multirow.sty"
Package: multirow 2018/08/03 v2.3 Span multiple rows of a table
\multirow@colwidth=\skip49
\multirow@cntb=\count107
\multirow@dima=\skip50
\bigstrutjot=\dimen125
)
("D:\Program Files (x86)\MikTeX 2.9\tex\latex\natbib\natbib.sty"
Package: natbib 2010/09/13 8.31b (PWD, AO)
\bibhang=\skip51
\bibsep=\skip52
LaTeX Info: Redefining \cite on input line 694.
\c@NAT@ctr=\count108
)
("D:\Program Files (x86)\MikTeX 2.9\tex\latex\preprint\fullpage.sty"
Package: fullpage 1999/02/23 1.1 (PWD)
\FP@margin=\skip53
)
("D:\Program Files (x86)\MikTeX 2.9\tex\latex\setspace\setspace.sty"
Package: setspace 2011/12/19 v6.7a set line spacing
)
("D:\Program Files (x86)\MikTeX 2.9\tex\latex\graphics\graphicx.sty"
Package: graphicx 2017/06/01 v1.1a Enhanced LaTeX Graphics (DPC,SPQR)

("D:\Program Files (x86)\MikTeX 2.9\tex\latex\graphics\keyval.sty"
Package: keyval 2014/10/28 v1.15 key=value parser (DPC)
\KV@toks@=\toks25
)
("D:\Program Files (x86)\MikTeX 2.9\tex\latex\graphics\graphics.sty"
Package: graphics 2017/06/25 v1.2c Standard LaTeX Graphics (DPC,SPQR)

("D:\Program Files (x86)\MikTeX 2.9\tex\latex\graphics\trig.sty"
Package: trig 2016/01/03 v1.10 sin cos tan (DPC)
)
("D:\Program Files (x86)\MikTeX 2.9\tex\latex\graphics-cfg\graphics.cfg"
File: graphics.cfg 2016/06/04 v1.11 sample graphics configuration
)
Package graphics Info: Driver file: pdftex.def on input line 99.

("D:\Program Files (x86)\MikTeX 2.9\tex\latex\graphics-def\pdftex.def"
File: pdftex.def 2018/01/08 v1.0l Graphics/color driver for pdftex
))
\Gin@req@height=\dimen126
\Gin@req@width=\dimen127
)
("D:\Program Files (x86)\MikTeX 2.9\tex\latex\enumitem\enumitem.sty"
Package: enumitem 2018/11/30 v3.6 Customized lists
\labelindent=\skip54
\enit@outerparindent=\dimen128
\enit@toks=\toks26
\enit@inbox=\box28
\enitdp@description=\count109
)
("D:\Program Files (x86)\MikTeX 2.9\tex\latex\caption\caption.sty"
Package: caption 2018/10/06 v3.3-154 Customizing captions (AR)

("D:\Program Files (x86)\MikTeX 2.9\tex\latex\caption\caption3.sty"
Package: caption3 2018/09/12 v1.8c caption3 kernel (AR)
Package caption3 Info: TeX engine: e-TeX on input line 64.
\captionmargin=\dimen129
\captionmargin@=\dimen130
\captionwidth=\dimen131
\caption@tempdima=\dimen132
\caption@indent=\dimen133
\caption@parindent=\dimen134
\caption@hangindent=\dimen135
)
\c@caption@flags=\count110
\c@ContinuedFloat=\count111
)
("D:\Program Files (x86)\MikTeX 2.9\tex\latex\caption\subcaption.sty"
Package: subcaption 2018/05/01 v1.1-162 Sub-captions (AR)
\c@subfigure=\count112
\c@subtable=\count113
)
("D:\Program Files (x86)\MikTeX 2.9\tex\latex\pgf\frontendlayer\tikz.sty"
("D:\Program Files (x86)\MikTeX 2.9\tex\latex\pgf\basiclayer\pgf.sty"
("D:\Program Files (x86)\MikTeX 2.9\tex\latex\pgf\utilities\pgfrcs.sty"
("D:\Program Files (x86)\MikTeX 2.9\tex\generic\pgf\utilities\pgfutil-common.te
x"
\pgfutil@everybye=\toks27
\pgfutil@tempdima=\dimen136
\pgfutil@tempdimb=\dimen137

("D:\Program Files (x86)\MikTeX 2.9\tex\generic\pgf\utilities\pgfutil-common-li
sts.tex"))
("D:\Program Files (x86)\MikTeX 2.9\tex\generic\pgf\utilities\pgfutil-latex.def
"
\pgfutil@abb=\box29
 ("D:\Program Files (x86)\MikTeX 2.9\tex\latex\ms\everyshi.sty"
Package: everyshi 2001/05/15 v3.00 EveryShipout Package (MS)
))
("D:\Program Files (x86)\MikTeX 2.9\tex\generic\pgf\utilities\pgfrcs.code.tex"
Package: pgfrcs 2015/08/07 v3.0.1a (rcs-revision 1.31)
))
Package: pgf 2015/08/07 v3.0.1a (rcs-revision 1.15)
 ("D:\Program Files (x86)\MikTeX 2.9\tex\latex\pgf\basiclayer\pgfcore.sty"
("D:\Program Files (x86)\MikTeX 2.9\tex\latex\pgf\systemlayer\pgfsys.sty"
("D:\Program Files (x86)\MikTeX 2.9\tex\generic\pgf\systemlayer\pgfsys.code.tex
"
Package: pgfsys 2014/07/09 v3.0.1a (rcs-revision 1.48)
 ("D:\Program Files (x86)\MikTeX 2.9\tex\generic\pgf\utilities\pgfkeys.code.tex
"
\pgfkeys@pathtoks=\toks28
\pgfkeys@temptoks=\toks29

("D:\Program Files (x86)\MikTeX 2.9\tex\generic\pgf\utilities\pgfkeysfiltered.c
ode.tex"
\pgfkeys@tmptoks=\toks30
))
\pgf@x=\dimen138
\pgf@y=\dimen139
\pgf@xa=\dimen140
\pgf@ya=\dimen141
\pgf@xb=\dimen142
\pgf@yb=\dimen143
\pgf@xc=\dimen144
\pgf@yc=\dimen145
\w@pgf@writea=\write3
\r@pgf@reada=\read1
\c@pgf@counta=\count114
\c@pgf@countb=\count115
\c@pgf@countc=\count116
\c@pgf@countd=\count117
\t@pgf@toka=\toks31
\t@pgf@tokb=\toks32
\t@pgf@tokc=\toks33

("D:\Program Files (x86)\MikTeX 2.9\tex\generic\pgf\systemlayer\pgf.cfg"
File: pgf.cfg 2008/05/14  (rcs-revision 1.7)
)
Driver file for pgf: pgfsys-pdftex.def

("D:\Program Files (x86)\MikTeX 2.9\tex\generic\pgf\systemlayer\pgfsys-pdftex.d
ef"
File: pgfsys-pdftex.def 2014/10/11  (rcs-revision 1.35)

("D:\Program Files (x86)\MikTeX 2.9\tex\generic\pgf\systemlayer\pgfsys-common-p
df.def"
File: pgfsys-common-pdf.def 2013/10/10  (rcs-revision 1.13)
)))
("D:\Program Files (x86)\MikTeX 2.9\tex\generic\pgf\systemlayer\pgfsyssoftpath.
code.tex"
File: pgfsyssoftpath.code.tex 2013/09/09  (rcs-revision 1.9)
\pgfsyssoftpath@smallbuffer@items=\count118
\pgfsyssoftpath@bigbuffer@items=\count119
)
("D:\Program Files (x86)\MikTeX 2.9\tex\generic\pgf\systemlayer\pgfsysprotocol.
code.tex"
File: pgfsysprotocol.code.tex 2006/10/16  (rcs-revision 1.4)
)) ("D:\Program Files (x86)\MikTeX 2.9\tex\latex\xcolor\xcolor.sty"
Package: xcolor 2016/05/11 v2.12 LaTeX color extensions (UK)

("D:\Program Files (x86)\MikTeX 2.9\tex\latex\graphics-cfg\color.cfg"
File: color.cfg 2016/01/02 v1.6 sample color configuration
)
Package xcolor Info: Driver file: pdftex.def on input line 225.
Package xcolor Info: Model `cmy' substituted by `cmy0' on input line 1348.
Package xcolor Info: Model `hsb' substituted by `rgb' on input line 1352.
Package xcolor Info: Model `RGB' extended on input line 1364.
Package xcolor Info: Model `HTML' substituted by `rgb' on input line 1366.
Package xcolor Info: Model `Hsb' substituted by `hsb' on input line 1367.
Package xcolor Info: Model `tHsb' substituted by `hsb' on input line 1368.
Package xcolor Info: Model `HSB' substituted by `hsb' on input line 1369.
Package xcolor Info: Model `Gray' substituted by `gray' on input line 1370.
Package xcolor Info: Model `wave' substituted by `hsb' on input line 1371.
)
("D:\Program Files (x86)\MikTeX 2.9\tex\generic\pgf\basiclayer\pgfcore.code.tex
"
Package: pgfcore 2010/04/11 v3.0.1a (rcs-revision 1.7)
 ("D:\Program Files (x86)\MikTeX 2.9\tex\generic\pgf\math\pgfmath.code.tex"
("D:\Program Files (x86)\MikTeX 2.9\tex\generic\pgf\math\pgfmathcalc.code.tex"
("D:\Program Files (x86)\MikTeX 2.9\tex\generic\pgf\math\pgfmathutil.code.tex")
("D:\Program Files (x86)\MikTeX 2.9\tex\generic\pgf\math\pgfmathparser.code.tex
"
\pgfmath@dimen=\dimen146
\pgfmath@count=\count120
\pgfmath@box=\box30
\pgfmath@toks=\toks34
\pgfmath@stack@operand=\toks35
\pgfmath@stack@operation=\toks36
)
("D:\Program Files (x86)\MikTeX 2.9\tex\generic\pgf\math\pgfmathfunctions.code.
tex"
("D:\Program Files (x86)\MikTeX 2.9\tex\generic\pgf\math\pgfmathfunctions.basic
.code.tex")
("D:\Program Files (x86)\MikTeX 2.9\tex\generic\pgf\math\pgfmathfunctions.trigo
nometric.code.tex")
("D:\Program Files (x86)\MikTeX 2.9\tex\generic\pgf\math\pgfmathfunctions.rando
m.code.tex")
("D:\Program Files (x86)\MikTeX 2.9\tex\generic\pgf\math\pgfmathfunctions.compa
rison.code.tex")
("D:\Program Files (x86)\MikTeX 2.9\tex\generic\pgf\math\pgfmathfunctions.base.
code.tex")
("D:\Program Files (x86)\MikTeX 2.9\tex\generic\pgf\math\pgfmathfunctions.round
.code.tex")
("D:\Program Files (x86)\MikTeX 2.9\tex\generic\pgf\math\pgfmathfunctions.misc.
code.tex")
("D:\Program Files (x86)\MikTeX 2.9\tex\generic\pgf\math\pgfmathfunctions.integ
erarithmetics.code.tex")))
("D:\Program Files (x86)\MikTeX 2.9\tex\generic\pgf\math\pgfmathfloat.code.tex"
\c@pgfmathroundto@lastzeros=\count121
))
("D:\Program Files (x86)\MikTeX 2.9\tex\generic\pgf\basiclayer\pgfcorepoints.co
de.tex"
File: pgfcorepoints.code.tex 2013/10/07  (rcs-revision 1.27)
\pgf@picminx=\dimen147
\pgf@picmaxx=\dimen148
\pgf@picminy=\dimen149
\pgf@picmaxy=\dimen150
\pgf@pathminx=\dimen151
\pgf@pathmaxx=\dimen152
\pgf@pathminy=\dimen153
\pgf@pathmaxy=\dimen154
\pgf@xx=\dimen155
\pgf@xy=\dimen156
\pgf@yx=\dimen157
\pgf@yy=\dimen158
\pgf@zx=\dimen159
\pgf@zy=\dimen160
)
("D:\Program Files (x86)\MikTeX 2.9\tex\generic\pgf\basiclayer\pgfcorepathconst
ruct.code.tex"
File: pgfcorepathconstruct.code.tex 2013/10/07  (rcs-revision 1.29)
\pgf@path@lastx=\dimen161
\pgf@path@lasty=\dimen162
)
("D:\Program Files (x86)\MikTeX 2.9\tex\generic\pgf\basiclayer\pgfcorepathusage
.code.tex"
File: pgfcorepathusage.code.tex 2014/11/02  (rcs-revision 1.24)
\pgf@shorten@end@additional=\dimen163
\pgf@shorten@start@additional=\dimen164
)
("D:\Program Files (x86)\MikTeX 2.9\tex\generic\pgf\basiclayer\pgfcorescopes.co
de.tex"
File: pgfcorescopes.code.tex 2015/05/08  (rcs-revision 1.46)
\pgfpic=\box31
\pgf@hbox=\box32
\pgf@layerbox@main=\box33
\pgf@picture@serial@count=\count122
)
("D:\Program Files (x86)\MikTeX 2.9\tex\generic\pgf\basiclayer\pgfcoregraphicst
ate.code.tex"
File: pgfcoregraphicstate.code.tex 2014/11/02  (rcs-revision 1.12)
\pgflinewidth=\dimen165
)
("D:\Program Files (x86)\MikTeX 2.9\tex\generic\pgf\basiclayer\pgfcoretransform
ations.code.tex"
File: pgfcoretransformations.code.tex 2015/08/07  (rcs-revision 1.20)
\pgf@pt@x=\dimen166
\pgf@pt@y=\dimen167
\pgf@pt@temp=\dimen168
)
("D:\Program Files (x86)\MikTeX 2.9\tex\generic\pgf\basiclayer\pgfcorequick.cod
e.tex"
File: pgfcorequick.code.tex 2008/10/09  (rcs-revision 1.3)
)
("D:\Program Files (x86)\MikTeX 2.9\tex\generic\pgf\basiclayer\pgfcoreobjects.c
ode.tex"
File: pgfcoreobjects.code.tex 2006/10/11  (rcs-revision 1.2)
)
("D:\Program Files (x86)\MikTeX 2.9\tex\generic\pgf\basiclayer\pgfcorepathproce
ssing.code.tex"
File: pgfcorepathprocessing.code.tex 2013/09/09  (rcs-revision 1.9)
)
("D:\Program Files (x86)\MikTeX 2.9\tex\generic\pgf\basiclayer\pgfcorearrows.co
de.tex"
File: pgfcorearrows.code.tex 2015/05/14  (rcs-revision 1.43)
\pgfarrowsep=\dimen169
)
("D:\Program Files (x86)\MikTeX 2.9\tex\generic\pgf\basiclayer\pgfcoreshade.cod
e.tex"
File: pgfcoreshade.code.tex 2013/07/15  (rcs-revision 1.15)
\pgf@max=\dimen170
\pgf@sys@shading@range@num=\count123
)
("D:\Program Files (x86)\MikTeX 2.9\tex\generic\pgf\basiclayer\pgfcoreimage.cod
e.tex"
File: pgfcoreimage.code.tex 2013/07/15  (rcs-revision 1.18)

("D:\Program Files (x86)\MikTeX 2.9\tex\generic\pgf\basiclayer\pgfcoreexternal.
code.tex"
File: pgfcoreexternal.code.tex 2014/07/09  (rcs-revision 1.21)
\pgfexternal@startupbox=\box34
))
("D:\Program Files (x86)\MikTeX 2.9\tex\generic\pgf\basiclayer\pgfcorelayers.co
de.tex"
File: pgfcorelayers.code.tex 2013/07/18  (rcs-revision 1.7)
)
("D:\Program Files (x86)\MikTeX 2.9\tex\generic\pgf\basiclayer\pgfcoretranspare
ncy.code.tex"
File: pgfcoretransparency.code.tex 2013/09/30  (rcs-revision 1.5)
)
("D:\Program Files (x86)\MikTeX 2.9\tex\generic\pgf\basiclayer\pgfcorepatterns.
code.tex"
File: pgfcorepatterns.code.tex 2013/11/07  (rcs-revision 1.5)
)))
("D:\Program Files (x86)\MikTeX 2.9\tex\generic\pgf\modules\pgfmoduleshapes.cod
e.tex"
File: pgfmoduleshapes.code.tex 2014/03/21  (rcs-revision 1.35)
\pgfnodeparttextbox=\box35
)
("D:\Program Files (x86)\MikTeX 2.9\tex\generic\pgf\modules\pgfmoduleplot.code.
tex"
File: pgfmoduleplot.code.tex 2015/08/03  (rcs-revision 1.13)
)
("D:\Program Files (x86)\MikTeX 2.9\tex\latex\pgf\compatibility\pgfcomp-version
-0-65.sty"
Package: pgfcomp-version-0-65 2007/07/03 v3.0.1a (rcs-revision 1.7)
\pgf@nodesepstart=\dimen171
\pgf@nodesepend=\dimen172
)
("D:\Program Files (x86)\MikTeX 2.9\tex\latex\pgf\compatibility\pgfcomp-version
-1-18.sty"
Package: pgfcomp-version-1-18 2007/07/23 v3.0.1a (rcs-revision 1.1)
))
("D:\Program Files (x86)\MikTeX 2.9\tex\latex\pgf\utilities\pgffor.sty"
("D:\Program Files (x86)\MikTeX 2.9\tex\latex\pgf\utilities\pgfkeys.sty"
("D:\Program Files (x86)\MikTeX 2.9\tex\generic\pgf\utilities\pgfkeys.code.tex"
)) ("D:\Program Files (x86)\MikTeX 2.9\tex\latex\pgf\math\pgfmath.sty"
("D:\Program Files (x86)\MikTeX 2.9\tex\generic\pgf\math\pgfmath.code.tex"))
("D:\Program Files (x86)\MikTeX 2.9\tex\generic\pgf\utilities\pgffor.code.tex"
Package: pgffor 2013/12/13 v3.0.1a (rcs-revision 1.25)

("D:\Program Files (x86)\MikTeX 2.9\tex\generic\pgf\math\pgfmath.code.tex")
\pgffor@iter=\dimen173
\pgffor@skip=\dimen174
\pgffor@stack=\toks37
\pgffor@toks=\toks38
))
("D:\Program Files (x86)\MikTeX 2.9\tex\generic\pgf\frontendlayer\tikz\tikz.cod
e.tex"
Package: tikz 2015/08/07 v3.0.1a (rcs-revision 1.151)

("D:\Program Files (x86)\MikTeX 2.9\tex\generic\pgf\libraries\pgflibraryplothan
dlers.code.tex"
File: pgflibraryplothandlers.code.tex 2013/08/31 v3.0.1a (rcs-revision 1.20)
\pgf@plot@mark@count=\count124
\pgfplotmarksize=\dimen175
)
\tikz@lastx=\dimen176
\tikz@lasty=\dimen177
\tikz@lastxsaved=\dimen178
\tikz@lastysaved=\dimen179
\tikzleveldistance=\dimen180
\tikzsiblingdistance=\dimen181
\tikz@figbox=\box36
\tikz@figbox@bg=\box37
\tikz@tempbox=\box38
\tikz@tempbox@bg=\box39
\tikztreelevel=\count125
\tikznumberofchildren=\count126
\tikznumberofcurrentchild=\count127
\tikz@fig@count=\count128

("D:\Program Files (x86)\MikTeX 2.9\tex\generic\pgf\modules\pgfmodulematrix.cod
e.tex"
File: pgfmodulematrix.code.tex 2013/09/17  (rcs-revision 1.8)
\pgfmatrixcurrentrow=\count129
\pgfmatrixcurrentcolumn=\count130
\pgf@matrix@numberofcolumns=\count131
)
\tikz@expandcount=\count132

("D:\Program Files (x86)\MikTeX 2.9\tex\generic\pgf\frontendlayer\tikz\librarie
s\tikzlibrarytopaths.code.tex"
File: tikzlibrarytopaths.code.tex 2008/06/17 v3.0.1a (rcs-revision 1.2)
)))
("D:\Program Files (x86)\MikTeX 2.9\tex\latex\float\float.sty"
Package: float 2001/11/08 v1.3d Float enhancements (AL)
\c@float@type=\count133
\float@exts=\toks39
\float@box=\box40
\@float@everytoks=\toks40
\@floatcapt=\box41
)
("D:\Program Files (x86)\MikTeX 2.9\tex\latex\mathtools\mathtools.sty"
Package: mathtools 2018/01/08 v1.21 mathematical typesetting tools

("D:\Program Files (x86)\MikTeX 2.9\tex\latex\tools\calc.sty"
Package: calc 2017/05/25 v4.3 Infix arithmetic (KKT,FJ)
\calc@Acount=\count134
\calc@Bcount=\count135
\calc@Adimen=\dimen182
\calc@Bdimen=\dimen183
\calc@Askip=\skip55
\calc@Bskip=\skip56
LaTeX Info: Redefining \setlength on input line 80.
LaTeX Info: Redefining \addtolength on input line 81.
\calc@Ccount=\count136
\calc@Cskip=\skip57
)
("D:\Program Files (x86)\MikTeX 2.9\tex\latex\mathtools\mhsetup.sty"
Package: mhsetup 2017/03/31 v1.3 programming setup (MH)
)
LaTeX Info: Thecontrolsequence`\('isalreadyrobust on input line 129.
LaTeX Info: Thecontrolsequence`\)'isalreadyrobust on input line 129.
LaTeX Info: Thecontrolsequence`\['isalreadyrobust on input line 129.
LaTeX Info: Thecontrolsequence`\]'isalreadyrobust on input line 129.
\g_MT_multlinerow_int=\count137
\l_MT_multwidth_dim=\dimen184
\origjot=\skip58
\l_MT_shortvdotswithinadjustabove_dim=\dimen185
\l_MT_shortvdotswithinadjustbelow_dim=\dimen186
\l_MT_above_intertext_sep=\dimen187
\l_MT_below_intertext_sep=\dimen188
\l_MT_above_shortintertext_sep=\dimen189
\l_MT_below_shortintertext_sep=\dimen190
)
("D:\Program Files (x86)\MikTeX 2.9\tex\latex\tools\array.sty"
Package: array 2018/04/30 v2.4h Tabular extension package (FMi)
\col@sep=\dimen191
\ar@mcellbox=\box42
\extrarowheight=\dimen192
\NC@list=\toks41
\extratabsurround=\skip59
\backup@length=\skip60
\ar@cellbox=\box43
)
("D:\Program Files (x86)\MikTeX 2.9\tex\latex\breakurl\breakurl.sty"
Package: breakurl 2013/04/10 v1.40 Breakable hyperref URLs

("D:\Program Files (x86)\MikTeX 2.9\tex\latex\xkeyval\xkeyval.sty"
Package: xkeyval 2014/12/03 v2.7a package option processing (HA)

("D:\Program Files (x86)\MikTeX 2.9\tex\generic\xkeyval\xkeyval.tex"
("D:\Program Files (x86)\MikTeX 2.9\tex\generic\xkeyval\xkvutils.tex"
\XKV@toks=\toks42
\XKV@tempa@toks=\toks43
)
\XKV@depth=\count138
File: xkeyval.tex 2014/12/03 v2.7a key=value parser (HA)
))
("D:\Program Files (x86)\MikTeX 2.9\tex\generic\oberdiek\ifpdf.sty"
Package: ifpdf 2018/09/07 v3.3 Provides the ifpdf switch
)

Package breakurl Warning: You are using breakurl while processing via pdflatex.

(breakurl)                \burl will be just a synonym of \url.
(breakurl)                 on input line 48.

) ("D:\Program Files (x86)\MikTeX 2.9\tex\latex\ms\ragged2e.sty"
Package: ragged2e 2009/05/21 v2.1 ragged2e Package (MS)

("D:\Program Files (x86)\MikTeX 2.9\tex\latex\ms\everysel.sty"
Package: everysel 2011/10/28 v1.2 EverySelectfont Package (MS)
)
\CenteringLeftskip=\skip61
\RaggedLeftLeftskip=\skip62
\RaggedRightLeftskip=\skip63
\CenteringRightskip=\skip64
\RaggedLeftRightskip=\skip65
\RaggedRightRightskip=\skip66
\CenteringParfillskip=\skip67
\RaggedLeftParfillskip=\skip68
\RaggedRightParfillskip=\skip69
\JustifyingParfillskip=\skip70
\CenteringParindent=\skip71
\RaggedLeftParindent=\skip72
\RaggedRightParindent=\skip73
\JustifyingParindent=\skip74
)
("D:\Program Files (x86)\MikTeX 2.9\tex\latex\sectsty\sectsty.sty"
Package: sectsty 2002/02/25 v2.0.2 Commands to change all sectional heading sty
les
)
("D:\Program Files (x86)\MikTeX 2.9\tex\latex\hyperref\hyperref.sty"
Package: hyperref 2018/09/30 v6.88a Hypertext links for LaTeX

("D:\Program Files (x86)\MikTeX 2.9\tex\generic\oberdiek\hobsub-hyperref.sty"
Package: hobsub-hyperref 2016/05/16 v1.14 Bundle oberdiek, subset hyperref (HO)


("D:\Program Files (x86)\MikTeX 2.9\tex\generic\oberdiek\hobsub-generic.sty"
Package: hobsub-generic 2016/05/16 v1.14 Bundle oberdiek, subset generic (HO)
Package: hobsub 2016/05/16 v1.14 Construct package bundles (HO)
Package: infwarerr 2016/05/16 v1.4 Providing info/warning/error messages (HO)
Package: ltxcmds 2016/05/16 v1.23 LaTeX kernel commands for general use (HO)
Package: ifluatex 2016/05/16 v1.4 Provides the ifluatex switch (HO)
Package ifluatex Info: LuaTeX not detected.
Package: ifvtex 2016/05/16 v1.6 Detect VTeX and its facilities (HO)
Package ifvtex Info: VTeX not detected.
Package: intcalc 2016/05/16 v1.2 Expandable calculations with integers (HO)
Package hobsub Info: Skipping package `ifpdf' (already loaded).
Package: etexcmds 2016/05/16 v1.6 Avoid name clashes with e-TeX commands (HO)
Package: kvsetkeys 2016/05/16 v1.17 Key value parser (HO)
Package: kvdefinekeys 2016/05/16 v1.4 Define keys (HO)
Package: pdftexcmds 2018/09/10 v0.29 Utility functions of pdfTeX for LuaTeX (HO
)
Package pdftexcmds Info: LuaTeX not detected.
Package pdftexcmds Info: \pdf@primitive is available.
Package pdftexcmds Info: \pdf@ifprimitive is available.
Package pdftexcmds Info: \pdfdraftmode found.
Package: pdfescape 2016/05/16 v1.14 Implements pdfTeX's escape features (HO)
Package: bigintcalc 2016/05/16 v1.4 Expandable calculations on big integers (HO
)
Package: bitset 2016/05/16 v1.2 Handle bit-vector datatype (HO)
Package: uniquecounter 2016/05/16 v1.3 Provide unlimited unique counter (HO)
)
Package hobsub Info: Skipping package `hobsub' (already loaded).
Package: letltxmacro 2016/05/16 v1.5 Let assignment for LaTeX macros (HO)
Package: hopatch 2016/05/16 v1.3 Wrapper for package hooks (HO)
Package: xcolor-patch 2016/05/16 xcolor patch
Package: atveryend 2016/05/16 v1.9 Hooks at the very end of document (HO)
Package atveryend Info: \enddocument detected (standard20110627).
Package: atbegshi 2016/06/09 v1.18 At begin shipout hook (HO)
Package: refcount 2016/05/16 v3.5 Data extraction from label references (HO)
Package: hycolor 2016/05/16 v1.8 Color options for hyperref/bookmark (HO)
)
("D:\Program Files (x86)\MikTeX 2.9\tex\generic\ifxetex\ifxetex.sty"
Package: ifxetex 2010/09/12 v0.6 Provides ifxetex conditional
)
("D:\Program Files (x86)\MikTeX 2.9\tex\latex\oberdiek\auxhook.sty"
Package: auxhook 2016/05/16 v1.4 Hooks for auxiliary files (HO)
)
("D:\Program Files (x86)\MikTeX 2.9\tex\latex\oberdiek\kvoptions.sty"
Package: kvoptions 2016/05/16 v3.12 Key value format for package options (HO)
)
\@linkdim=\dimen193
\Hy@linkcounter=\count139
\Hy@pagecounter=\count140

("D:\Program Files (x86)\MikTeX 2.9\tex\latex\hyperref\pd1enc.def"
File: pd1enc.def 2018/09/30 v6.88a Hyperref: PDFDocEncoding definition (HO)
Now handling font encoding PD1 ...
... no UTF-8 mapping file for font encoding PD1
)
\Hy@SavedSpaceFactor=\count141

("D:\Program Files (x86)\MikTeX 2.9\tex\latex\00miktex\hyperref.cfg"
File: hyperref.cfg 2002/06/06 v1.2 hyperref configuration of TeXLive
)
Package hyperref Info: Option `colorlinks' set `true' on input line 4409.
Package hyperref Info: Option `bookmarks' set `true' on input line 4409.
Package hyperref Info: Hyper figures OFF on input line 4535.
Package hyperref Info: Link nesting OFF on input line 4540.
Package hyperref Info: Hyper index ON on input line 4543.
Package hyperref Info: Plain pages OFF on input line 4550.
Package hyperref Info: Backreferencing ON on input line 4553.
Package hyperref Info: Implicit mode ON; LaTeX internals redefined.
Package hyperref Info: Bookmarks ON on input line 4788.

("D:\Program Files (x86)\MikTeX 2.9\tex\latex\hyperref\backref.sty"
Package: backref 2016/05/21 v1.39 Bibliographical back referencing

("D:\Program Files (x86)\MikTeX 2.9\tex\latex\oberdiek\rerunfilecheck.sty"
Package: rerunfilecheck 2016/05/16 v1.8 Rerun checks for auxiliary files (HO)
Package uniquecounter Info: New unique counter `rerunfilecheck' on input line 2
82.
))
\c@Hy@tempcnt=\count142

("D:\Program Files (x86)\MikTeX 2.9\tex\latex\url\url.sty"
\Urlmuskip=\muskip11
Package: url 2013/09/16  ver 3.4  Verb mode for urls, etc.
)
LaTeX Info: Redefining \url on input line 5141.
\XeTeXLinkMargin=\dimen194
\Fld@menulength=\count143
\Field@Width=\dimen195
\Fld@charsize=\dimen196
Package hyperref Info: Hyper figures OFF on input line 6396.
Package hyperref Info: Link nesting OFF on input line 6401.
Package hyperref Info: Hyper index ON on input line 6404.
Package hyperref Info: backreferencing ON on input line 6409.
Package hyperref Info: Link coloring ON on input line 6414.
Package hyperref Info: Link coloring with OCG OFF on input line 6421.
Package hyperref Info: PDF/A mode OFF on input line 6426.
LaTeX Info: Redefining \ref on input line 6466.
LaTeX Info: Redefining \pageref on input line 6470.
\Hy@abspage=\count144
\c@Item=\count145
\c@Hfootnote=\count146
)
Package hyperref Info: Driver (autodetected): hpdftex.

("D:\Program Files (x86)\MikTeX 2.9\tex\latex\hyperref\hpdftex.def"
File: hpdftex.def 2018/09/30 v6.88a Hyperref driver for pdfTeX
\Fld@listcount=\count147
\c@bookmark@seq@number=\count148
\Hy@SectionHShift=\skip75
)
\c@proposition=\count149
\c@lemma=\count150
\c@theorem=\count151
\c@assumption=\count152
LaTeX Font Info:    Redeclaring math alphabet \mathbb on input line 61.
Package hyperref Info: Option `pdfnewwindow' set `true' on input line 156.

(computation.aux)
\openout1 = `computation.aux'.

LaTeX Font Info:    Checking defaults for OML/cmm/m/it on input line 179.
LaTeX Font Info:    ... okay on input line 179.
LaTeX Font Info:    Checking defaults for T1/cmr/m/n on input line 179.
LaTeX Font Info:    ... okay on input line 179.
LaTeX Font Info:    Checking defaults for OT1/cmr/m/n on input line 179.
LaTeX Font Info:    ... okay on input line 179.
LaTeX Font Info:    Checking defaults for OMS/cmsy/m/n on input line 179.
LaTeX Font Info:    ... okay on input line 179.
LaTeX Font Info:    Checking defaults for OMX/cmex/m/n on input line 179.
LaTeX Font Info:    ... okay on input line 179.
LaTeX Font Info:    Checking defaults for U/cmr/m/n on input line 179.
LaTeX Font Info:    ... okay on input line 179.
LaTeX Font Info:    Checking defaults for PD1/pdf/m/n on input line 179.
LaTeX Font Info:    ... okay on input line 179.

("D:\Program Files (x86)\MikTeX 2.9\tex\context\base\supp-pdf.mkii"
[Loading MPS to PDF converter (version 2006.09.02).]
\scratchcounter=\count153
\scratchdimen=\dimen197
\scratchbox=\box44
\nofMPsegments=\count154
\nofMParguments=\count155
\everyMPshowfont=\toks44
\MPscratchCnt=\count156
\MPscratchDim=\dimen198
\MPnumerator=\count157
\makeMPintoPDFobject=\count158
\everyMPtoPDFconversion=\toks45
) ("D:\Program Files (x86)\MikTeX 2.9\tex\latex\oberdiek\epstopdf-base.sty"
Package: epstopdf-base 2016/05/15 v2.6 Base part for package epstopdf

("D:\Program Files (x86)\MikTeX 2.9\tex\latex\oberdiek\grfext.sty"
Package: grfext 2016/05/16 v1.2 Manage graphics extensions (HO)
)
Package epstopdf-base Info: Redefining graphics rule for `.eps' on input line 4
38.
Package grfext Info: Graphics extension search list:
(grfext)             [.pdf,.png,.jpg,.mps,.jpeg,.jbig2,.jb2,.PDF,.PNG,.JPG,.JPE
G,.JBIG2,.JB2,.eps]
(grfext)             \AppendGraphicsExtensions on input line 456.
)
Package caption Info: Begin \AtBeginDocument code.
Package caption Info: float package is loaded.
Package caption Info: hyperref package is loaded.
Package caption Info: End \AtBeginDocument code.

ABD: EveryShipout initializing macros ABD: EverySelectfont initializing macros
LaTeX Info: Redefining \selectfont on input line 179.
\AtBeginShipoutBox=\box45
Package backref Info: ** backref set up for natbib ** on input line 179.
Package hyperref Info: Link coloring ON on input line 179.

("D:\Program Files (x86)\MikTeX 2.9\tex\latex\hyperref\nameref.sty"
Package: nameref 2016/05/21 v2.44 Cross-referencing by name of section

("D:\Program Files (x86)\MikTeX 2.9\tex\generic\oberdiek\gettitlestring.sty"
Package: gettitlestring 2016/05/16 v1.5 Cleanup title references (HO)
)
\c@section@level=\count159
)
LaTeX Info: Redefining \ref on input line 179.
LaTeX Info: Redefining \pageref on input line 179.
LaTeX Info: Redefining \nameref on input line 179.

(computation.out) (computation.out)
\@outlinefile=\write4
\openout4 = `computation.out'.

LaTeX Font Info:    Try loading font information for U+msa on input line 182.

("D:\Program Files (x86)\MikTeX 2.9\tex\latex\amsfonts\umsa.fd"
File: umsa.fd 2013/01/14 v3.01 AMS symbols A
)
LaTeX Font Info:    Try loading font information for U+msb on input line 182.

("D:\Program Files (x86)\MikTeX 2.9\tex\latex\amsfonts\umsb.fd"
File: umsb.fd 2013/01/14 v3.01 AMS symbols B
)
LaTeX Font Info:    Try loading font information for OMS+cmr on input line 182.


("D:\Program Files (x86)\MikTeX 2.9\tex\latex\base\omscmr.fd"
File: omscmr.fd 2014/09/29 v2.5h Standard LaTeX font definitions
)
LaTeX Font Info:    Font shape `OMS/cmr/m/n' in size <10> not available
(Font)              Font shape `OMS/cmsy/m/n' tried instead on input line 182.
LaTeX Font Info:    Font shape `OMS/cmr/m/n' in size <7> not available
(Font)              Font shape `OMS/cmsy/m/n' tried instead on input line 182.
 [1

{C:/Users/Maxwell Kellogg/AppData/Local/MiKTeX/2.9/pdftex/config/pdftex.map}] [
2]
Package atveryend Info: Empty hook `BeforeClearDocument' on input line 226.
Package atveryend Info: Empty hook `AfterLastShipout' on input line 226.

(computation.aux)
Package atveryend Info: Executing hook `AtVeryEndDocument' on input line 226.
Package atveryend Info: Executing hook `AtEndAfterFileList' on input line 226.
Package rerunfilecheck Info: File `computation.out' has not changed.
(rerunfilecheck)             Checksum: D41D8CD98F00B204E9800998ECF8427E;0.
Package atveryend Info: Empty hook `AtVeryVeryEnd' on input line 226.
 ) 
Here is how much of TeX's memory you used:
 19150 strings out of 492969
 351089 string characters out of 3133168
 427152 words of memory out of 3000000
 22665 multiletter control sequences out of 15000+200000
 18274 words of font info for 68 fonts, out of 3000000 for 9000
 1141 hyphenation exceptions out of 8191
 55i,16n,54p,413b,323s stack positions out of 5000i,500n,10000p,200000b,50000s
<D:/Program Files (x86)/MikTeX 2.9/fonts/type1/public/amsfonts/cm/cmex10.pfb>
<D:/Program Files (x86)/MikTeX 2.9/fonts/type1/public/amsfonts/cm/cmmi12.pfb><D
:/Program Files (x86)/MikTeX 2.9/fonts/type1/public/amsfonts/cm/cmmi8.pfb><D:/P
rogram Files (x86)/MikTeX 2.9/fonts/type1/public/amsfonts/cm/cmr10.pfb><D:/Prog
ram Files (x86)/MikTeX 2.9/fonts/type1/public/amsfonts/cm/cmr12.pfb><D:/Program
 Files (x86)/MikTeX 2.9/fonts/type1/public/amsfonts/cm/cmr17.pfb><D:/Program Fi
les (x86)/MikTeX 2.9/fonts/type1/public/amsfonts/cm/cmr8.pfb><D:/Program Files 
(x86)/MikTeX 2.9/fonts/type1/public/amsfonts/cm/cmsy10.pfb><D:/Program Files (x
86)/MikTeX 2.9/fonts/type1/public/amsfonts/cm/cmsy7.pfb><D:/Program Files (x86)
/MikTeX 2.9/fonts/type1/public/amsfonts/cm/cmsy8.pfb>
Output written on computation.pdf (2 pages, 118092 bytes).
PDF statistics:
 58 PDF objects out of 1000 (max. 8388607)
 3 named destinations out of 1000 (max. 500000)
 13 words of extra memory for PDF output out of 10000 (max. 10000000)

